Log file open, 01/28/20 13:37:32
LogWindows: Failed to load 'aqProf.dll' (GetLastError=126)
LogWindows: File 'aqProf.dll' does not exist
LogWindows: Failed to load 'VtuneApi.dll' (GetLastError=126)
LogWindows: File 'VtuneApi.dll' does not exist
LogWindows: Failed to load 'VtuneApi32e.dll' (GetLastError=126)
LogWindows: File 'VtuneApi32e.dll' does not exist
LogConsoleResponse: Display: Failed to find resolution value strings in scalability ini. Falling back to default.
LogInit: Display: Running engine for game: my3d
LogPlatformFile: Not using cached read wrapper
LogTaskGraph: Started task graph with 5 named threads and 23 total threads with 3 sets of task threads.
LogStats: Stats thread started at 26.142065
LogD3D11RHI: Loaded GFSDK_Aftermath_Lib.x64.dll
LogICUInternationalization: ICU TimeZone Detection - Raw Offset: -6:00, Platform Override: ''
LogPluginManager: Mounting plugin Paper2D
LogPluginManager: Mounting plugin AISupport
LogPluginManager: Mounting plugin LightPropagationVolume
LogPluginManager: Mounting plugin ActorLayerUtilities
LogPluginManager: Mounting plugin AnimationSharing
LogPluginManager: Mounting plugin CLionSourceCodeAccess
LogPluginManager: Mounting plugin CodeLiteSourceCodeAccess
LogPluginManager: Mounting plugin GitSourceControl
LogPluginManager: Mounting plugin KDevelopSourceCodeAccess
LogPluginManager: Mounting plugin NullSourceCodeAccess
LogPluginManager: Mounting plugin PerforceSourceControl
LogPluginManager: Mounting plugin PlasticSourceControl
LogPluginManager: Mounting plugin SubversionSourceControl
LogPluginManager: Mounting plugin UObjectPlugin
LogPluginManager: Mounting plugin VisualStudioCodeSourceCodeAccess
LogPluginManager: Mounting plugin VisualStudioSourceCodeAccess
LogPluginManager: Mounting plugin XCodeSourceCodeAccess
LogPluginManager: Mounting plugin AssetManagerEditor
LogPluginManager: Mounting plugin CryptoKeys
LogPluginManager: Mounting plugin CurveEditorTools
LogPluginManager: Mounting plugin DataValidation
LogPluginManager: Mounting plugin FacialAnimation
LogPluginManager: Mounting plugin GameplayTagsEditor
LogPluginManager: Mounting plugin MacGraphicsSwitching
LogPluginManager: Mounting plugin MaterialAnalyzer
LogPluginManager: Mounting plugin MobileLauncherProfileWizard
LogPluginManager: Mounting plugin PluginBrowser
LogPluginManager: Mounting plugin SpeedTreeImporter
LogPluginManager: Mounting plugin DatasmithContent
LogPluginManager: Mounting plugin VariantManagerContent
LogPluginManager: Mounting plugin AlembicImporter
LogPluginManager: Mounting plugin AutomationUtils
LogPluginManager: Mounting plugin BackChannel
LogPluginManager: Mounting plugin CharacterAI
LogPluginManager: Mounting plugin GeometryCache
LogPluginManager: Mounting plugin PlatformCrypto
LogPluginManager: Mounting plugin ProxyLODPlugin
LogPluginManager: Mounting plugin SkeletalReduction
LogPluginManager: Mounting plugin MagicLeap
LogPluginManager: Mounting plugin MagicLeapMedia
LogPluginManager: Mounting plugin MLSDK
LogPluginManager: Mounting plugin AndroidMedia
LogPluginManager: Mounting plugin AvfMedia
LogPluginManager: Mounting plugin ImgMedia
LogPluginManager: Mounting plugin MediaCompositing
LogPluginManager: Mounting plugin MediaPlayerEditor
LogPluginManager: Mounting plugin WebMMedia
LogPluginManager: Mounting plugin WmfMedia
LogPluginManager: Mounting plugin TcpMessaging
LogPluginManager: Mounting plugin UdpMessaging
LogPluginManager: Mounting plugin ActorSequence
LogPluginManager: Mounting plugin LevelSequenceEditor
LogPluginManager: Mounting plugin MatineeToLevelSequence
LogPluginManager: Mounting plugin NetcodeUnitTest
LogPluginManager: Mounting plugin NUTUnrealEngine4
LogPluginManager: Mounting plugin OnlineSubsystemGooglePlay
LogPluginManager: Mounting plugin OnlineSubsystemIOS
LogPluginManager: Mounting plugin OnlineSubsystem
LogPluginManager: Mounting plugin OnlineSubsystemNull
LogPluginManager: Mounting plugin OnlineSubsystemUtils
LogPluginManager: Mounting plugin LauncherChunkInstaller
LogPluginManager: Mounting plugin AndroidDeviceProfileSelector
LogPluginManager: Mounting plugin AndroidMoviePlayer
LogPluginManager: Mounting plugin AndroidPermission
LogPluginManager: Mounting plugin ApexDestruction
LogPluginManager: Mounting plugin AppleImageUtils
LogPluginManager: Mounting plugin AppleMoviePlayer
LogPluginManager: Mounting plugin ArchVisCharacter
LogPluginManager: Mounting plugin AssetTags
LogPluginManager: Mounting plugin AudioCapture
LogPluginManager: Mounting plugin CableComponent
LogPluginManager: Mounting plugin CustomMeshComponent
LogPluginManager: Mounting plugin EditableMesh
LogPluginManager: Mounting plugin ExampleDeviceProfileSelector
LogPluginManager: Mounting plugin GoogleCloudMessaging
LogPluginManager: Mounting plugin IOSDeviceProfileSelector
LogPluginManager: Mounting plugin LinuxDeviceProfileSelector
LogPluginManager: Mounting plugin LocationServicesBPLibrary
LogPluginManager: Mounting plugin MobilePatchingUtils
LogPluginManager: Mounting plugin OculusVR
LogPluginManager: Mounting plugin PhysXVehicles
LogPluginManager: Mounting plugin PostSplashScreen
LogPluginManager: Mounting plugin ProceduralMeshComponent
LogPluginManager: Mounting plugin RuntimePhysXCooking
LogPluginManager: Mounting plugin SignificanceManager
LogPluginManager: Mounting plugin SteamVR
LogPluginManager: Mounting plugin WebMMoviePlayer
LogPluginManager: Mounting plugin WindowsMoviePlayer
LogPluginManager: Mounting plugin ScreenshotTools
LogInit: Using libcurl 7.55.1-DEV
LogInit:  - built for x86_64-pc-win32
LogInit:  - supports SSL with OpenSSL/1.1.1
LogInit:  - supports HTTP deflate (compression) using libz 1.2.8
LogInit:  - other features:
LogInit:      CURL_VERSION_SSL
LogInit:      CURL_VERSION_LIBZ
LogInit:      CURL_VERSION_IPV6
LogInit:      CURL_VERSION_ASYNCHDNS
LogInit:      CURL_VERSION_LARGEFILE
LogInit:      CURL_VERSION_IDN
LogInit:  CurlRequestOptions (configurable via config and command line):
LogInit:  - bVerifyPeer = true  - Libcurl will verify peer certificate
LogInit:  - bUseHttpProxy = false  - Libcurl will NOT use HTTP proxy
LogInit:  - bDontReuseConnections = false  - Libcurl will reuse connections
LogInit:  - MaxHostConnections = 16  - Libcurl will limit the number of connections to a host
LogInit:  - LocalHostAddr = Default
LogInit:  - BufferSize = 65536
LogOnline: OSS: Creating online subsystem instance for: NULL
LogInit: WinSock: version 1.1 (2.2), MaxSocks=32767, MaxUdp=65467
LogOnline: OSS: TryLoadSubsystemAndSetDefault: Loaded subsystem for module [NULL]
LogHMD: Failed initializing OVRPlugin 1.40.0
LogInit: Build: ++UE4+Release-4.24-CL-11100242
LogInit: Engine Version: 4.24.2-11100242+++UE4+Release-4.24
LogInit: Compatible Engine Version: 4.24.0-10570792+++UE4+Release-4.24
LogInit: Net CL: 10570792
LogInit: OS: Windows 10 (Release 1703) (), CPU: Intel(R) Core(TM) i7-4770 CPU @ 3.40GHz, GPU: AMD Radeon HD 8570
LogInit: Compiled (64-bit): Jan 24 2020 02:05:53
LogInit: Compiled with Visual C++: 19.16.27032.01
LogInit: Build Configuration: Development
LogInit: Branch Name: ++UE4+Release-4.24
LogInit: Command Line: 
LogInit: Base Directory: C:/UE_4.24/Engine/Binaries/Win64/
LogInit: Installed Engine Build: 1
LogDevObjectVersion: Number of dev versions registered: 25
LogDevObjectVersion:   Dev-Blueprints (B0D832E4-1F89-4F0D-ACCF-7EB736FD4AA2): 10
LogDevObjectVersion:   Dev-Build (E1C64328-A22C-4D53-A36C-8E866417BD8C): 0
LogDevObjectVersion:   Dev-Core (375EC13C-06E4-48FB-B500-84F0262A717E): 3
LogDevObjectVersion:   Dev-Editor (E4B068ED-F494-42E9-A231-DA0B2E46BB41): 37
LogDevObjectVersion:   Dev-Framework (CFFC743F-43B0-4480-9391-14DF171D2073): 36
LogDevObjectVersion:   Dev-Mobile (B02B49B5-BB20-44E9-A304-32B752E40360): 2
LogDevObjectVersion:   Dev-Networking (A4E4105C-59A1-49B5-A7C5-40C4547EDFEE): 0
LogDevObjectVersion:   Dev-Online (39C831C9-5AE6-47DC-9A44-9C173E1C8E7C): 0
LogDevObjectVersion:   Dev-Physics (78F01B33-EBEA-4F98-B9B4-84EACCB95AA2): 2
LogDevObjectVersion:   Dev-Platform (6631380F-2D4D-43E0-8009-CF276956A95A): 0
LogDevObjectVersion:   Dev-Rendering (12F88B9F-8875-4AFC-A67C-D90C383ABD29): 36
LogDevObjectVersion:   Dev-Sequencer (7B5AE74C-D270-4C10-A958-57980B212A5A): 11
LogDevObjectVersion:   Dev-VR (D7296918-1DD6-4BDD-9DE2-64A83CC13884): 2
LogDevObjectVersion:   Dev-LoadTimes (C2A15278-BFE7-4AFE-6C17-90FF531DF755): 1
LogDevObjectVersion:   Private-Geometry (6EACA3D4-40EC-4CC1-B786-8BED09428FC5): 3
LogDevObjectVersion:   Dev-AnimPhys (29E575DD-E0A3-4627-9D10-D276232CDCEA): 17
LogDevObjectVersion:   Dev-Anim (AF43A65D-7FD3-4947-9873-3E8ED9C1BB05): 2
LogDevObjectVersion:   Dev-ReflectionCapture (6B266CEC-1EC7-4B8F-A30B-E4D90942FC07): 1
LogDevObjectVersion:   Dev-Automation (0DF73D61-A23F-47EA-B727-89E90C41499A): 1
LogDevObjectVersion:   FortniteMain (601D1886-AC64-4F84-AA16-D3DE0DEAC7D6): 31
LogDevObjectVersion:   Dev-Enterprise (9DFFBCD6-494F-0158-E221-12823C92A888): 8
LogDevObjectVersion:   Dev-Niagara (F2AED0AC-9AFE-416F-8664-AA7FFA26D6FC): 1
LogDevObjectVersion:   Dev-Destruction (174F1F0B-B4C6-45A5-B13F-2EE8D0FB917D): 9
LogDevObjectVersion:   Dev-Physics-Ext (35F94A83-E258-406C-A318-09F59610247C): 8
LogDevObjectVersion:   Dev-CineCamera (B2E18506-4273-CFC2-A54E-F4BB758BBA07): 1
LogInit: Presizing for max 25165824 objects, including 0 objects not considered by GC, pre-allocating 0 bytes for permanent pool.
LogInit: Object subsystem initialized
LogConfig: Setting CVar [[con.DebugEarlyDefault:1]]
LogConfig: Setting CVar [[r.setres:1280x720]]
[2020.01.28-19.37.46:167][  0]LogConfig: Setting CVar [[r.VSync:0]]
[2020.01.28-19.37.46:167][  0]LogConfig: Setting CVar [[r.RHICmdBypass:0]]
[2020.01.28-19.37.46:168][  0]LogConfig: Applying CVar settings from Section [/Script/Engine.RendererSettings] File [C:/Users/christopher.khuong/Desktop/my3d/Saved/Config/Windows/Engine.ini]
[2020.01.28-19.37.46:168][  0]LogConfig: Setting CVar [[r.GPUCrashDebugging:0]]
[2020.01.28-19.37.46:168][  0]LogConfig: Setting CVar [[r.DefaultFeature.AutoExposure.ExtendDefaultLuminanceRange:1]]
[2020.01.28-19.37.46:168][  0]LogConfig: Applying CVar settings from Section [/Script/Engine.RendererOverrideSettings] File [C:/Users/christopher.khuong/Desktop/my3d/Saved/Config/Windows/Engine.ini]
[2020.01.28-19.37.46:168][  0]LogConfig: Applying CVar settings from Section [/Script/Engine.StreamingSettings] File [C:/Users/christopher.khuong/Desktop/my3d/Saved/Config/Windows/Engine.ini]
[2020.01.28-19.37.46:168][  0]LogConfig: Setting CVar [[s.MinBulkDataSizeForAsyncLoading:131072]]
[2020.01.28-19.37.46:168][  0]LogConfig: Setting CVar [[s.AsyncLoadingThreadEnabled:0]]
[2020.01.28-19.37.46:168][  0]LogConfig: Setting CVar [[s.EventDrivenLoaderEnabled:1]]
[2020.01.28-19.37.46:168][  0]LogConfig: Setting CVar [[s.WarnIfTimeLimitExceeded:0]]
[2020.01.28-19.37.46:168][  0]LogConfig: Setting CVar [[s.TimeLimitExceededMultiplier:1.5]]
[2020.01.28-19.37.46:168][  0]LogConfig: Setting CVar [[s.TimeLimitExceededMinTime:0.005]]
[2020.01.28-19.37.46:168][  0]LogConfig: Setting CVar [[s.UseBackgroundLevelStreaming:1]]
[2020.01.28-19.37.46:168][  0]LogConfig: Setting CVar [[s.PriorityAsyncLoadingExtraTime:15.0]]
[2020.01.28-19.37.46:168][  0]LogConfig: Setting CVar [[s.LevelStreamingActorsUpdateTimeLimit:5.0]]
[2020.01.28-19.37.46:168][  0]LogConfig: Setting CVar [[s.PriorityLevelStreamingActorsUpdateExtraTime:5.0]]
[2020.01.28-19.37.46:169][  0]LogConfig: Setting CVar [[s.LevelStreamingComponentsRegistrationGranularity:10]]
[2020.01.28-19.37.46:169][  0]LogConfig: Setting CVar [[s.UnregisterComponentsTimeLimit:1.0]]
[2020.01.28-19.37.46:169][  0]LogConfig: Setting CVar [[s.LevelStreamingComponentsUnregistrationGranularity:5]]
[2020.01.28-19.37.46:169][  0]LogConfig: Setting CVar [[s.FlushStreamingOnExit:1]]
[2020.01.28-19.37.46:169][  0]LogConfig: Applying CVar settings from Section [/Script/Engine.GarbageCollectionSettings] File [C:/Users/christopher.khuong/Desktop/my3d/Saved/Config/Windows/Engine.ini]
[2020.01.28-19.37.46:169][  0]LogConfig: Setting CVar [[gc.MaxObjectsNotConsideredByGC:1]]
[2020.01.28-19.37.46:169][  0]LogConfig: Setting CVar [[gc.SizeOfPermanentObjectPool:0]]
[2020.01.28-19.37.46:169][  0]LogConfig: Setting CVar [[gc.FlushStreamingOnGC:0]]
[2020.01.28-19.37.46:169][  0]LogConfig: Setting CVar [[gc.NumRetriesBeforeForcingGC:10]]
[2020.01.28-19.37.46:169][  0]LogConfig: Setting CVar [[gc.AllowParallelGC:1]]
[2020.01.28-19.37.46:169][  0]LogConfig: Setting CVar [[gc.TimeBetweenPurgingPendingKillObjects:61.1]]
[2020.01.28-19.37.46:169][  0]LogConfig: Setting CVar [[gc.MaxObjectsInEditor:25165824]]
[2020.01.28-19.37.46:169][  0]LogConfig: Setting CVar [[gc.IncrementalBeginDestroyEnabled:1]]
[2020.01.28-19.37.46:169][  0]LogConfig: Setting CVar [[gc.CreateGCClusters:1]]
[2020.01.28-19.37.46:169][  0]LogConfig: Setting CVar [[gc.MinGCClusterSize:5]]
[2020.01.28-19.37.46:169][  0]LogConfig: Setting CVar [[gc.ActorClusteringEnabled:0]]
[2020.01.28-19.37.46:169][  0]LogConfig: Setting CVar [[gc.BlueprintClusteringEnabled:0]]
[2020.01.28-19.37.46:169][  0]LogConfig: Setting CVar [[gc.UseDisregardForGCOnDedicatedServers:0]]
[2020.01.28-19.37.46:169][  0]LogConfig: Applying CVar settings from Section [/Script/Engine.NetworkSettings] File [C:/Users/christopher.khuong/Desktop/my3d/Saved/Config/Windows/Engine.ini]
[2020.01.28-19.37.46:169][  0]LogConfig: Applying CVar settings from Section [/Script/UnrealEd.CookerSettings] File [C:/Users/christopher.khuong/Desktop/my3d/Saved/Config/Windows/Engine.ini]
[2020.01.28-19.37.46:258][  0]LogConfig: Applying CVar settings from Section [ViewDistanceQuality@3] File [C:/Users/christopher.khuong/Desktop/my3d/Saved/Config/Windows/Scalability.ini]
[2020.01.28-19.37.46:258][  0]LogConfig: Setting CVar [[r.SkeletalMeshLODBias:0]]
[2020.01.28-19.37.46:258][  0]LogConfig: Setting CVar [[r.ViewDistanceScale:1.0]]
[2020.01.28-19.37.46:258][  0]LogConfig: Applying CVar settings from Section [AntiAliasingQuality@3] File [C:/Users/christopher.khuong/Desktop/my3d/Saved/Config/Windows/Scalability.ini]
[2020.01.28-19.37.46:258][  0]LogConfig: Setting CVar [[r.PostProcessAAQuality:4]]
[2020.01.28-19.37.46:258][  0]LogConfig: Applying CVar settings from Section [ShadowQuality@3] File [C:/Users/christopher.khuong/Desktop/my3d/Saved/Config/Windows/Scalability.ini]
[2020.01.28-19.37.46:258][  0]LogConfig: Setting CVar [[r.LightFunctionQuality:1]]
[2020.01.28-19.37.46:258][  0]LogConfig: Setting CVar [[r.ShadowQuality:5]]
[2020.01.28-19.37.46:258][  0]LogConfig: Setting CVar [[r.Shadow.CSM.MaxCascades:10]]
[2020.01.28-19.37.46:258][  0]LogConfig: Setting CVar [[r.Shadow.MaxResolution:2048]]
[2020.01.28-19.37.46:258][  0]LogConfig: Setting CVar [[r.Shadow.MaxCSMResolution:2048]]
[2020.01.28-19.37.46:258][  0]LogConfig: Setting CVar [[r.Shadow.RadiusThreshold:0.01]]
[2020.01.28-19.37.46:258][  0]LogConfig: Setting CVar [[r.Shadow.DistanceScale:1.0]]
[2020.01.28-19.37.46:258][  0]LogConfig: Setting CVar [[r.Shadow.CSM.TransitionScale:1.0]]
[2020.01.28-19.37.46:258][  0]LogConfig: Setting CVar [[r.Shadow.PreShadowResolutionFactor:1.0]]
[2020.01.28-19.37.46:258][  0]LogConfig: Setting CVar [[r.DistanceFieldShadowing:1]]
[2020.01.28-19.37.46:258][  0]LogConfig: Setting CVar [[r.DistanceFieldAO:1]]
[2020.01.28-19.37.46:258][  0]LogConfig: Setting CVar [[r.AOQuality:2]]
[2020.01.28-19.37.46:258][  0]LogConfig: Setting CVar [[r.VolumetricFog:1]]
[2020.01.28-19.37.46:258][  0]LogConfig: Setting CVar [[r.VolumetricFog.GridPixelSize:8]]
[2020.01.28-19.37.46:258][  0]LogConfig: Setting CVar [[r.VolumetricFog.GridSizeZ:128]]
[2020.01.28-19.37.46:258][  0]LogConfig: Setting CVar [[r.VolumetricFog.HistoryMissSupersampleCount:4]]
[2020.01.28-19.37.46:258][  0]LogConfig: Setting CVar [[r.LightMaxDrawDistanceScale:1]]
[2020.01.28-19.37.46:258][  0]LogConfig: Setting CVar [[r.CapsuleShadows:1]]
[2020.01.28-19.37.46:258][  0]LogConfig: Applying CVar settings from Section [PostProcessQuality@3] File [C:/Users/christopher.khuong/Desktop/my3d/Saved/Config/Windows/Scalability.ini]
[2020.01.28-19.37.46:258][  0]LogConfig: Setting CVar [[r.MotionBlurQuality:4]]
[2020.01.28-19.37.46:258][  0]LogConfig: Setting CVar [[r.AmbientOcclusionMipLevelFactor:0.4]]
[2020.01.28-19.37.46:258][  0]LogConfig: Setting CVar [[r.AmbientOcclusionMaxQuality:100]]
[2020.01.28-19.37.46:258][  0]LogConfig: Setting CVar [[r.AmbientOcclusionLevels:-1]]
[2020.01.28-19.37.46:258][  0]LogConfig: Setting CVar [[r.AmbientOcclusionRadiusScale:1.0]]
[2020.01.28-19.37.46:258][  0]LogConfig: Setting CVar [[r.DepthOfFieldQuality:2]]
[2020.01.28-19.37.46:258][  0]LogConfig: Setting CVar [[r.RenderTargetPoolMin:400]]
[2020.01.28-19.37.46:258][  0]LogConfig: Setting CVar [[r.LensFlareQuality:2]]
[2020.01.28-19.37.46:258][  0]LogConfig: Setting CVar [[r.SceneColorFringeQuality:1]]
[2020.01.28-19.37.46:258][  0]LogConfig: Setting CVar [[r.EyeAdaptationQuality:2]]
[2020.01.28-19.37.46:258][  0]LogConfig: Setting CVar [[r.BloomQuality:5]]
[2020.01.28-19.37.46:258][  0]LogConfig: Setting CVar [[r.FastBlurThreshold:100]]
[2020.01.28-19.37.46:258][  0]LogConfig: Setting CVar [[r.Upscale.Quality:3]]
[2020.01.28-19.37.46:258][  0]LogConfig: Setting CVar [[r.Tonemapper.GrainQuantization:1]]
[2020.01.28-19.37.46:258][  0]LogConfig: Setting CVar [[r.LightShaftQuality:1]]
[2020.01.28-19.37.46:258][  0]LogConfig: Setting CVar [[r.Filter.SizeScale:1]]
[2020.01.28-19.37.46:258][  0]LogConfig: Setting CVar [[r.Tonemapper.Quality:5]]
[2020.01.28-19.37.46:258][  0]LogConfig: Setting CVar [[r.DOF.Gather.AccumulatorQuality:1        ; higher gathering accumulator quality]]
[2020.01.28-19.37.46:258][  0]LogConfig: Setting CVar [[r.DOF.Gather.PostfilterMethod:1          ; Median3x3 postfilering method]]
[2020.01.28-19.37.46:258][  0]LogConfig: Setting CVar [[r.DOF.Gather.EnableBokehSettings:0       ; no bokeh simulation when gathering]]
[2020.01.28-19.37.46:258][  0]LogConfig: Setting CVar [[r.DOF.Gather.RingCount:4                 ; medium number of samples when gathering]]
[2020.01.28-19.37.46:258][  0]LogConfig: Setting CVar [[r.DOF.Scatter.ForegroundCompositing:1    ; additive foreground scattering]]
[2020.01.28-19.37.46:258][  0]LogConfig: Setting CVar [[r.DOF.Scatter.BackgroundCompositing:2    ; additive background scattering]]
[2020.01.28-19.37.46:258][  0]LogConfig: Setting CVar [[r.DOF.Scatter.EnableBokehSettings:1      ; bokeh simulation when scattering]]
[2020.01.28-19.37.46:258][  0]LogConfig: Setting CVar [[r.DOF.Scatter.MaxSpriteRatio:0.1         ; only a maximum of 10% of scattered bokeh]]
[2020.01.28-19.37.46:258][  0]LogConfig: Setting CVar [[r.DOF.Recombine.Quality:1                ; cheap slight out of focus]]
[2020.01.28-19.37.46:258][  0]LogConfig: Setting CVar [[r.DOF.Recombine.EnableBokehSettings:0    ; no bokeh simulation on slight out of focus]]
[2020.01.28-19.37.46:258][  0]LogConfig: Setting CVar [[r.DOF.TemporalAAQuality:1                ; more stable temporal accumulation]]
[2020.01.28-19.37.46:258][  0]LogConfig: Setting CVar [[r.DOF.Kernel.MaxForegroundRadius:0.025]]
[2020.01.28-19.37.46:258][  0]LogConfig: Setting CVar [[r.DOF.Kernel.MaxBackgroundRadius:0.025]]
[2020.01.28-19.37.46:258][  0]LogConfig: Applying CVar settings from Section [TextureQuality@3] File [C:/Users/christopher.khuong/Desktop/my3d/Saved/Config/Windows/Scalability.ini]
[2020.01.28-19.37.46:258][  0]LogConfig: Setting CVar [[r.Streaming.MipBias:0]]
[2020.01.28-19.37.46:258][  0]LogConfig: Setting CVar [[r.Streaming.AmortizeCPUToGPUCopy:0]]
[2020.01.28-19.37.46:258][  0]LogConfig: Setting CVar [[r.Streaming.MaxNumTexturesToStreamPerFrame:0]]
[2020.01.28-19.37.46:259][  0]LogConfig: Setting CVar [[r.Streaming.Boost:1]]
[2020.01.28-19.37.46:259][  0]LogConfig: Setting CVar [[r.MaxAnisotropy:8]]
[2020.01.28-19.37.46:259][  0]LogConfig: Setting CVar [[r.VT.MaxAnisotropy:8]]
[2020.01.28-19.37.46:259][  0]LogConfig: Setting CVar [[r.Streaming.LimitPoolSizeToVRAM:0]]
[2020.01.28-19.37.46:259][  0]LogConfig: Setting CVar [[r.Streaming.PoolSize:1000]]
[2020.01.28-19.37.46:259][  0]LogConfig: Setting CVar [[r.Streaming.MaxEffectiveScreenSize:0]]
[2020.01.28-19.37.46:259][  0]LogConfig: Applying CVar settings from Section [EffectsQuality@3] File [C:/Users/christopher.khuong/Desktop/my3d/Saved/Config/Windows/Scalability.ini]
[2020.01.28-19.37.46:259][  0]LogConfig: Setting CVar [[r.TranslucencyLightingVolumeDim:64]]
[2020.01.28-19.37.46:259][  0]LogConfig: Setting CVar [[r.RefractionQuality:2]]
[2020.01.28-19.37.46:259][  0]LogConfig: Setting CVar [[r.SSR.Quality:3]]
[2020.01.28-19.37.46:259][  0]LogConfig: Setting CVar [[r.SSR.HalfResSceneColor:0]]
[2020.01.28-19.37.46:259][  0]LogConfig: Setting CVar [[r.SceneColorFormat:4]]
[2020.01.28-19.37.46:259][  0]LogConfig: Setting CVar [[r.DetailMode:2]]
[2020.01.28-19.37.46:259][  0]LogConfig: Setting CVar [[r.TranslucencyVolumeBlur:1]]
[2020.01.28-19.37.46:259][  0]LogConfig: Setting CVar [[r.MaterialQualityLevel:1 ; High quality]]
[2020.01.28-19.37.46:259][  0]LogConfig: Setting CVar [[r.SSS.Scale:1]]
[2020.01.28-19.37.46:259][  0]LogConfig: Setting CVar [[r.SSS.SampleSet:2]]
[2020.01.28-19.37.46:259][  0]LogConfig: Setting CVar [[r.SSS.Quality:1]]
[2020.01.28-19.37.46:259][  0]LogConfig: Setting CVar [[r.SSS.HalfRes:1]]
[2020.01.28-19.37.46:259][  0]LogConfig: Setting CVar [[r.SSGI.Quality:3]]
[2020.01.28-19.37.46:259][  0]LogConfig: Setting CVar [[r.EmitterSpawnRateScale:1.0]]
[2020.01.28-19.37.46:259][  0]LogConfig: Setting CVar [[r.ParticleLightQuality:2]]
[2020.01.28-19.37.46:259][  0]LogConfig: Setting CVar [[r.SkyAtmosphere.AerialPerspectiveLUT.FastApplyOnOpaque:1 ; Always have FastSkyLUT 1 in this case to avoid wrong sky]]
[2020.01.28-19.37.46:259][  0]LogConfig: Setting CVar [[r.SkyAtmosphere.AerialPerspectiveLUT.SampleCountPerSlice:1]]
[2020.01.28-19.37.46:259][  0]LogConfig: Setting CVar [[r.SkyAtmosphere.AerialPerspectiveLUT.DepthResolution:16.0]]
[2020.01.28-19.37.46:259][  0]LogConfig: Setting CVar [[r.SkyAtmosphere.FastSkyLUT:1]]
[2020.01.28-19.37.46:259][  0]LogConfig: Setting CVar [[r.SkyAtmosphere.FastSkyLUT.SampleCountMin:4.0]]
[2020.01.28-19.37.46:259][  0]LogConfig: Setting CVar [[r.SkyAtmosphere.FastSkyLUT.SampleCountMax:32.0]]
[2020.01.28-19.37.46:259][  0]LogConfig: Setting CVar [[r.SkyAtmosphere.SampleCountMin:4.0]]
[2020.01.28-19.37.46:259][  0]LogConfig: Setting CVar [[r.SkyAtmosphere.SampleCountMax:32.0]]
[2020.01.28-19.37.46:259][  0]LogConfig: Setting CVar [[r.SkyAtmosphere.TransmittanceLUT.UseSmallFormat:0]]
[2020.01.28-19.37.46:259][  0]LogConfig: Setting CVar [[r.SkyAtmosphere.TransmittanceLUT.SampleCount:10.0]]
[2020.01.28-19.37.46:259][  0]LogConfig: Setting CVar [[r.SkyAtmosphere.MultiScatteringLUT.SampleCount:15.0]]
[2020.01.28-19.37.46:259][  0]LogConfig: Applying CVar settings from Section [FoliageQuality@3] File [C:/Users/christopher.khuong/Desktop/my3d/Saved/Config/Windows/Scalability.ini]
[2020.01.28-19.37.46:259][  0]LogConfig: Setting CVar [[foliage.DensityScale:1.0]]
[2020.01.28-19.37.46:259][  0]LogConfig: Setting CVar [[grass.DensityScale:1.0]]
[2020.01.28-19.37.46:259][  0]LogConfig: Applying CVar settings from Section [ShadingQuality@3] File [C:/Users/christopher.khuong/Desktop/my3d/Saved/Config/Windows/Scalability.ini]
[2020.01.28-19.37.46:259][  0]LogConfig: Setting CVar [[r.HairStrands.SkyLighting.SampleCount:16]]
[2020.01.28-19.37.46:259][  0]LogConfig: Setting CVar [[r.HairStrands.SkyLighting.JitterIntegration:0]]
[2020.01.28-19.37.46:259][  0]LogConfig: Setting CVar [[r.HairStrands.SkyAO.SampleCount:16]]
[2020.01.28-19.37.46:275][  0]LogInit: Selected Device Profile: [Windows]
[2020.01.28-19.37.46:295][  0]LogInit: Applying CVar settings loaded from the selected device profile: [Windows]
[2020.01.28-19.37.46:387][  0]LogHAL: Display: Platform has ~ 16 GB [17119154176 / 17179869184 / 16], which maps to Larger [LargestMinGB=32, LargerMinGB=12, DefaultMinGB=8, SmallerMinGB=6, SmallestMinGB=0)
[2020.01.28-19.37.46:387][  0]LogInit: Going up to parent DeviceProfile []
[2020.01.28-19.37.46:406][  0]LogConfig: Applying CVar settings from Section [ViewDistanceQuality@3] File [C:/Users/christopher.khuong/Desktop/my3d/Saved/Config/Windows/Scalability.ini]
[2020.01.28-19.37.46:406][  0]LogConfig: Setting CVar [[r.SkeletalMeshLODBias:0]]
[2020.01.28-19.37.46:406][  0]LogConfig: Setting CVar [[r.ViewDistanceScale:1.0]]
[2020.01.28-19.37.46:406][  0]LogConfig: Applying CVar settings from Section [AntiAliasingQuality@3] File [C:/Users/christopher.khuong/Desktop/my3d/Saved/Config/Windows/Scalability.ini]
[2020.01.28-19.37.46:406][  0]LogConfig: Setting CVar [[r.PostProcessAAQuality:4]]
[2020.01.28-19.37.46:406][  0]LogConfig: Applying CVar settings from Section [ShadowQuality@3] File [C:/Users/christopher.khuong/Desktop/my3d/Saved/Config/Windows/Scalability.ini]
[2020.01.28-19.37.46:406][  0]LogConfig: Setting CVar [[r.LightFunctionQuality:1]]
[2020.01.28-19.37.46:406][  0]LogConfig: Setting CVar [[r.ShadowQuality:5]]
[2020.01.28-19.37.46:406][  0]LogConfig: Setting CVar [[r.Shadow.CSM.MaxCascades:10]]
[2020.01.28-19.37.46:406][  0]LogConfig: Setting CVar [[r.Shadow.MaxResolution:2048]]
[2020.01.28-19.37.46:406][  0]LogConfig: Setting CVar [[r.Shadow.MaxCSMResolution:2048]]
[2020.01.28-19.37.46:406][  0]LogConfig: Setting CVar [[r.Shadow.RadiusThreshold:0.01]]
[2020.01.28-19.37.46:406][  0]LogConfig: Setting CVar [[r.Shadow.DistanceScale:1.0]]
[2020.01.28-19.37.46:406][  0]LogConfig: Setting CVar [[r.Shadow.CSM.TransitionScale:1.0]]
[2020.01.28-19.37.46:406][  0]LogConfig: Setting CVar [[r.Shadow.PreShadowResolutionFactor:1.0]]
[2020.01.28-19.37.46:406][  0]LogConfig: Setting CVar [[r.DistanceFieldShadowing:1]]
[2020.01.28-19.37.46:406][  0]LogConfig: Setting CVar [[r.DistanceFieldAO:1]]
[2020.01.28-19.37.46:406][  0]LogConfig: Setting CVar [[r.AOQuality:2]]
[2020.01.28-19.37.46:406][  0]LogConfig: Setting CVar [[r.VolumetricFog:1]]
[2020.01.28-19.37.46:407][  0]LogConfig: Setting CVar [[r.VolumetricFog.GridPixelSize:8]]
[2020.01.28-19.37.46:407][  0]LogConfig: Setting CVar [[r.VolumetricFog.GridSizeZ:128]]
[2020.01.28-19.37.46:407][  0]LogConfig: Setting CVar [[r.VolumetricFog.HistoryMissSupersampleCount:4]]
[2020.01.28-19.37.46:407][  0]LogConfig: Setting CVar [[r.LightMaxDrawDistanceScale:1]]
[2020.01.28-19.37.46:407][  0]LogConfig: Setting CVar [[r.CapsuleShadows:1]]
[2020.01.28-19.37.46:407][  0]LogConfig: Applying CVar settings from Section [PostProcessQuality@3] File [C:/Users/christopher.khuong/Desktop/my3d/Saved/Config/Windows/Scalability.ini]
[2020.01.28-19.37.46:407][  0]LogConfig: Setting CVar [[r.MotionBlurQuality:4]]
[2020.01.28-19.37.46:407][  0]LogConfig: Setting CVar [[r.AmbientOcclusionMipLevelFactor:0.4]]
[2020.01.28-19.37.46:407][  0]LogConfig: Setting CVar [[r.AmbientOcclusionMaxQuality:100]]
[2020.01.28-19.37.46:407][  0]LogConfig: Setting CVar [[r.AmbientOcclusionLevels:-1]]
[2020.01.28-19.37.46:407][  0]LogConfig: Setting CVar [[r.AmbientOcclusionRadiusScale:1.0]]
[2020.01.28-19.37.46:407][  0]LogConfig: Setting CVar [[r.DepthOfFieldQuality:2]]
[2020.01.28-19.37.46:407][  0]LogConfig: Setting CVar [[r.RenderTargetPoolMin:400]]
[2020.01.28-19.37.46:407][  0]LogConfig: Setting CVar [[r.LensFlareQuality:2]]
[2020.01.28-19.37.46:407][  0]LogConfig: Setting CVar [[r.SceneColorFringeQuality:1]]
[2020.01.28-19.37.46:407][  0]LogConfig: Setting CVar [[r.EyeAdaptationQuality:2]]
[2020.01.28-19.37.46:407][  0]LogConfig: Setting CVar [[r.BloomQuality:5]]
[2020.01.28-19.37.46:407][  0]LogConfig: Setting CVar [[r.FastBlurThreshold:100]]
[2020.01.28-19.37.46:407][  0]LogConfig: Setting CVar [[r.Upscale.Quality:3]]
[2020.01.28-19.37.46:407][  0]LogConfig: Setting CVar [[r.Tonemapper.GrainQuantization:1]]
[2020.01.28-19.37.46:407][  0]LogConfig: Setting CVar [[r.LightShaftQuality:1]]
[2020.01.28-19.37.46:407][  0]LogConfig: Setting CVar [[r.Filter.SizeScale:1]]
[2020.01.28-19.37.46:407][  0]LogConfig: Setting CVar [[r.Tonemapper.Quality:5]]
[2020.01.28-19.37.46:407][  0]LogConfig: Setting CVar [[r.DOF.Gather.AccumulatorQuality:1        ; higher gathering accumulator quality]]
[2020.01.28-19.37.46:407][  0]LogConfig: Setting CVar [[r.DOF.Gather.PostfilterMethod:1          ; Median3x3 postfilering method]]
[2020.01.28-19.37.46:407][  0]LogConfig: Setting CVar [[r.DOF.Gather.EnableBokehSettings:0       ; no bokeh simulation when gathering]]
[2020.01.28-19.37.46:407][  0]LogConfig: Setting CVar [[r.DOF.Gather.RingCount:4                 ; medium number of samples when gathering]]
[2020.01.28-19.37.46:407][  0]LogConfig: Setting CVar [[r.DOF.Scatter.ForegroundCompositing:1    ; additive foreground scattering]]
[2020.01.28-19.37.46:407][  0]LogConfig: Setting CVar [[r.DOF.Scatter.BackgroundCompositing:2    ; additive background scattering]]
[2020.01.28-19.37.46:407][  0]LogConfig: Setting CVar [[r.DOF.Scatter.EnableBokehSettings:1      ; bokeh simulation when scattering]]
[2020.01.28-19.37.46:407][  0]LogConfig: Setting CVar [[r.DOF.Scatter.MaxSpriteRatio:0.1         ; only a maximum of 10% of scattered bokeh]]
[2020.01.28-19.37.46:407][  0]LogConfig: Setting CVar [[r.DOF.Recombine.Quality:1                ; cheap slight out of focus]]
[2020.01.28-19.37.46:407][  0]LogConfig: Setting CVar [[r.DOF.Recombine.EnableBokehSettings:0    ; no bokeh simulation on slight out of focus]]
[2020.01.28-19.37.46:407][  0]LogConfig: Setting CVar [[r.DOF.TemporalAAQuality:1                ; more stable temporal accumulation]]
[2020.01.28-19.37.46:407][  0]LogConfig: Setting CVar [[r.DOF.Kernel.MaxForegroundRadius:0.025]]
[2020.01.28-19.37.46:407][  0]LogConfig: Setting CVar [[r.DOF.Kernel.MaxBackgroundRadius:0.025]]
[2020.01.28-19.37.46:407][  0]LogConfig: Applying CVar settings from Section [TextureQuality@3] File [C:/Users/christopher.khuong/Desktop/my3d/Saved/Config/Windows/Scalability.ini]
[2020.01.28-19.37.46:407][  0]LogConfig: Setting CVar [[r.Streaming.MipBias:0]]
[2020.01.28-19.37.46:407][  0]LogConfig: Setting CVar [[r.Streaming.AmortizeCPUToGPUCopy:0]]
[2020.01.28-19.37.46:407][  0]LogConfig: Setting CVar [[r.Streaming.MaxNumTexturesToStreamPerFrame:0]]
[2020.01.28-19.37.46:407][  0]LogConfig: Setting CVar [[r.Streaming.Boost:1]]
[2020.01.28-19.37.46:407][  0]LogConfig: Setting CVar [[r.MaxAnisotropy:8]]
[2020.01.28-19.37.46:407][  0]LogConfig: Setting CVar [[r.VT.MaxAnisotropy:8]]
[2020.01.28-19.37.46:407][  0]LogConfig: Setting CVar [[r.Streaming.LimitPoolSizeToVRAM:0]]
[2020.01.28-19.37.46:407][  0]LogConfig: Setting CVar [[r.Streaming.PoolSize:1000]]
[2020.01.28-19.37.46:407][  0]LogConfig: Setting CVar [[r.Streaming.MaxEffectiveScreenSize:0]]
[2020.01.28-19.37.46:407][  0]LogConfig: Applying CVar settings from Section [EffectsQuality@3] File [C:/Users/christopher.khuong/Desktop/my3d/Saved/Config/Windows/Scalability.ini]
[2020.01.28-19.37.46:407][  0]LogConfig: Setting CVar [[r.TranslucencyLightingVolumeDim:64]]
[2020.01.28-19.37.46:407][  0]LogConfig: Setting CVar [[r.RefractionQuality:2]]
[2020.01.28-19.37.46:407][  0]LogConfig: Setting CVar [[r.SSR.Quality:3]]
[2020.01.28-19.37.46:407][  0]LogConfig: Setting CVar [[r.SSR.HalfResSceneColor:0]]
[2020.01.28-19.37.46:407][  0]LogConfig: Setting CVar [[r.SceneColorFormat:4]]
[2020.01.28-19.37.46:407][  0]LogConfig: Setting CVar [[r.DetailMode:2]]
[2020.01.28-19.37.46:407][  0]LogConfig: Setting CVar [[r.TranslucencyVolumeBlur:1]]
[2020.01.28-19.37.46:407][  0]LogConfig: Setting CVar [[r.MaterialQualityLevel:1 ; High quality]]
[2020.01.28-19.37.46:407][  0]LogConfig: Setting CVar [[r.SSS.Scale:1]]
[2020.01.28-19.37.46:407][  0]LogConfig: Setting CVar [[r.SSS.SampleSet:2]]
[2020.01.28-19.37.46:407][  0]LogConfig: Setting CVar [[r.SSS.Quality:1]]
[2020.01.28-19.37.46:407][  0]LogConfig: Setting CVar [[r.SSS.HalfRes:1]]
[2020.01.28-19.37.46:407][  0]LogConfig: Setting CVar [[r.SSGI.Quality:3]]
[2020.01.28-19.37.46:407][  0]LogConfig: Setting CVar [[r.EmitterSpawnRateScale:1.0]]
[2020.01.28-19.37.46:407][  0]LogConfig: Setting CVar [[r.ParticleLightQuality:2]]
[2020.01.28-19.37.46:407][  0]LogConfig: Setting CVar [[r.SkyAtmosphere.AerialPerspectiveLUT.FastApplyOnOpaque:1 ; Always have FastSkyLUT 1 in this case to avoid wrong sky]]
[2020.01.28-19.37.46:407][  0]LogConfig: Setting CVar [[r.SkyAtmosphere.AerialPerspectiveLUT.SampleCountPerSlice:1]]
[2020.01.28-19.37.46:407][  0]LogConfig: Setting CVar [[r.SkyAtmosphere.AerialPerspectiveLUT.DepthResolution:16.0]]
[2020.01.28-19.37.46:407][  0]LogConfig: Setting CVar [[r.SkyAtmosphere.FastSkyLUT:1]]
[2020.01.28-19.37.46:407][  0]LogConfig: Setting CVar [[r.SkyAtmosphere.FastSkyLUT.SampleCountMin:4.0]]
[2020.01.28-19.37.46:407][  0]LogConfig: Setting CVar [[r.SkyAtmosphere.FastSkyLUT.SampleCountMax:32.0]]
[2020.01.28-19.37.46:407][  0]LogConfig: Setting CVar [[r.SkyAtmosphere.SampleCountMin:4.0]]
[2020.01.28-19.37.46:407][  0]LogConfig: Setting CVar [[r.SkyAtmosphere.SampleCountMax:32.0]]
[2020.01.28-19.37.46:407][  0]LogConfig: Setting CVar [[r.SkyAtmosphere.TransmittanceLUT.UseSmallFormat:0]]
[2020.01.28-19.37.46:407][  0]LogConfig: Setting CVar [[r.SkyAtmosphere.TransmittanceLUT.SampleCount:10.0]]
[2020.01.28-19.37.46:407][  0]LogConfig: Setting CVar [[r.SkyAtmosphere.MultiScatteringLUT.SampleCount:15.0]]
[2020.01.28-19.37.46:407][  0]LogConfig: Applying CVar settings from Section [FoliageQuality@3] File [C:/Users/christopher.khuong/Desktop/my3d/Saved/Config/Windows/Scalability.ini]
[2020.01.28-19.37.46:407][  0]LogConfig: Setting CVar [[foliage.DensityScale:1.0]]
[2020.01.28-19.37.46:407][  0]LogConfig: Setting CVar [[grass.DensityScale:1.0]]
[2020.01.28-19.37.46:407][  0]LogConfig: Applying CVar settings from Section [ShadingQuality@3] File [C:/Users/christopher.khuong/Desktop/my3d/Saved/Config/Windows/Scalability.ini]
[2020.01.28-19.37.46:408][  0]LogConfig: Setting CVar [[r.HairStrands.SkyLighting.SampleCount:16]]
[2020.01.28-19.37.46:408][  0]LogConfig: Setting CVar [[r.HairStrands.SkyLighting.JitterIntegration:0]]
[2020.01.28-19.37.46:408][  0]LogConfig: Setting CVar [[r.HairStrands.SkyAO.SampleCount:16]]
[2020.01.28-19.37.46:408][  0]LogConfig: Applying CVar settings from Section [Startup] File [../../../Engine/Config/ConsoleVariables.ini]
[2020.01.28-19.37.46:430][  0]LogConfig: Setting CVar [[net.UseAdaptiveNetUpdateFrequency:0]]
[2020.01.28-19.37.46:430][  0]LogConfig: Setting CVar [[p.chaos.AllowCreatePhysxBodies:1]]
[2020.01.28-19.37.46:430][  0]LogConfig: Applying CVar settings from Section [ConsoleVariables] File [C:/Users/christopher.khuong/Desktop/my3d/Saved/Config/Windows/Engine.ini]
[2020.01.28-19.37.46:466][  0]LogInit: Computer: SW-WLC125-TS
[2020.01.28-19.37.46:466][  0]LogInit: User: christopherkhuong
[2020.01.28-19.37.46:466][  0]LogInit: CPU Page size=4096, Cores=4
[2020.01.28-19.37.46:466][  0]LogInit: High frequency timer resolution =3.312630 MHz
[2020.01.28-19.37.46:479][  0]LogMemory: Memory total: Physical=15.9GB (16GB approx)
[2020.01.28-19.37.46:483][  0]LogMemory: Platform Memory Stats for Windows
[2020.01.28-19.37.46:483][  0]LogMemory: Process Physical Memory: 106.91 MB used, 106.91 MB peak
[2020.01.28-19.37.46:483][  0]LogMemory: Process Virtual Memory: 104.30 MB used, 104.30 MB peak
[2020.01.28-19.37.46:483][  0]LogMemory: Physical Memory: 5567.77 MB used,  10758.33 MB free, 16326.10 MB total
[2020.01.28-19.37.46:483][  0]LogMemory: Virtual Memory: 1052.86 MB used,  134216672.00 MB free, 134217728.00 MB total
[2020.01.28-19.37.46:558][  0]LogWindows: WindowsPlatformFeatures enabled
[2020.01.28-19.37.48:165][  0]LogInit: Using OS detected language (en-US).
[2020.01.28-19.37.48:166][  0]LogInit: Using OS detected locale (en-US).
[2020.01.28-19.37.48:365][  0]LogTextLocalizationManager: No specific localization for 'en-US' exists, so the 'en' localization will be used.
[2020.01.28-19.37.49:286][  0]LogInit: Setting process to per monitor DPI aware
[2020.01.28-19.37.50:293][  0]LogSlate: New Slate User Created.  User Index 0, Is Virtual User: 0
[2020.01.28-19.37.50:293][  0]LogSlate: Slate User Registered.  User Index 0, Is Virtual User: 0
[2020.01.28-19.37.53:509][  0]LogHMD: Failed to initialize OpenVR with code 100
[2020.01.28-19.37.53:509][  0]LogD3D11RHI: D3D11 min allowed feature level: 11_0
[2020.01.28-19.37.53:509][  0]LogD3D11RHI: D3D11 max allowed feature level: 11_0
[2020.01.28-19.37.53:509][  0]LogD3D11RHI: D3D11 adapters:
[2020.01.28-19.37.53:571][  0]LogD3D11RHI:    0. 'AMD Radeon HD 8570' (Feature Level 11_0)
[2020.01.28-19.37.53:571][  0]LogD3D11RHI:       1005/0/8163 MB DedicatedVideo/DedicatedSystem/SharedSystem, Outputs:1, VendorId:0x1002
[2020.01.28-19.37.53:573][  0]LogD3D11RHI:    1. 'Microsoft Basic Render Driver' (Feature Level 11_0)
[2020.01.28-19.37.53:573][  0]LogD3D11RHI:       0/0/8163 MB DedicatedVideo/DedicatedSystem/SharedSystem, Outputs:0, VendorId:0x1414
[2020.01.28-19.37.53:573][  0]LogD3D11RHI: Chosen D3D11 Adapter: 0
[2020.01.28-19.37.53:597][  0]LogD3D11RHI: Creating new Direct3DDevice
[2020.01.28-19.37.53:598][  0]LogD3D11RHI:     GPU DeviceId: 0x6611 (for the marketing name, search the web for "GPU Device Id")
[2020.01.28-19.37.53:598][  0]LogWindows: EnumDisplayDevices:
[2020.01.28-19.37.53:598][  0]LogWindows:    0. 'AMD Radeon HD 8570' (P:1 D:1)
[2020.01.28-19.37.53:615][  0]LogWindows:    1. 'AMD Radeon HD 8570' (P:0 D:0)
[2020.01.28-19.37.53:615][  0]LogWindows: DebugString: FoundDriverCount:2 
[2020.01.28-19.37.53:615][  0]LogD3D11RHI:     Adapter Name: AMD Radeon HD 8570
[2020.01.28-19.37.53:615][  0]LogD3D11RHI:   Driver Version: Crimson 16.6 (internal:21.19.144.32768, unified:21.19.144.32768)
[2020.01.28-19.37.53:615][  0]LogD3D11RHI:      Driver Date: 10-25-2016
[2020.01.28-19.37.53:615][  0]LogRHI: Texture pool is 703 MB (70% of 1005 MB)
[2020.01.28-19.37.53:765][  0]LogD3D11RHI: RHI does not have support for 64 bit atomics
[2020.01.28-19.37.53:765][  0]LogD3D11RHI: Async texture creation enabled
[2020.01.28-19.37.54:464][  0]LogD3D11RHI: GPU Timing Frequency: 27.000000 (Debug: 2 1)
[2020.01.28-19.38.40:117][  0]LogWindowsTextInputMethodSystem: Display: IME system now deactivated.
[2020.01.28-19.38.40:118][  0]LogWindowsTextInputMethodSystem: Display: IME system now deactivated.
[2020.01.28-19.38.40:614][  0]LogTargetPlatformManager: Display: Loaded TargetPlatform 'AllDesktop'
[2020.01.28-19.38.40:653][  0]LogTargetPlatformManager: Display: Loaded TargetPlatform 'Android'
[2020.01.28-19.38.40:653][  0]LogTargetPlatformManager: Display: Loaded TargetPlatform 'Android_ASTC'
[2020.01.28-19.38.40:653][  0]LogTargetPlatformManager: Display: Loaded TargetPlatform 'Android_ATC'
[2020.01.28-19.38.40:653][  0]LogTargetPlatformManager: Display: Loaded TargetPlatform 'Android_DXT'
[2020.01.28-19.38.40:653][  0]LogTargetPlatformManager: Display: Loaded TargetPlatform 'Android_ETC1'
[2020.01.28-19.38.40:653][  0]LogTargetPlatformManager: Display: Loaded TargetPlatform 'Android_ETC1a'
[2020.01.28-19.38.40:653][  0]LogTargetPlatformManager: Display: Loaded TargetPlatform 'Android_ETC2'
[2020.01.28-19.38.40:653][  0]LogTargetPlatformManager: Display: Loaded TargetPlatform 'Android_PVRTC'
[2020.01.28-19.38.40:653][  0]LogTargetPlatformManager: Display: Loaded TargetPlatform 'AndroidClient'
[2020.01.28-19.38.40:653][  0]LogTargetPlatformManager: Display: Loaded TargetPlatform 'Android_ASTCClient'
[2020.01.28-19.38.40:653][  0]LogTargetPlatformManager: Display: Loaded TargetPlatform 'Android_ATCClient'
[2020.01.28-19.38.40:653][  0]LogTargetPlatformManager: Display: Loaded TargetPlatform 'Android_DXTClient'
[2020.01.28-19.38.40:653][  0]LogTargetPlatformManager: Display: Loaded TargetPlatform 'Android_ETC1Client'
[2020.01.28-19.38.40:653][  0]LogTargetPlatformManager: Display: Loaded TargetPlatform 'Android_ETC1aClient'
[2020.01.28-19.38.40:653][  0]LogTargetPlatformManager: Display: Loaded TargetPlatform 'Android_ETC2Client'
[2020.01.28-19.38.40:653][  0]LogTargetPlatformManager: Display: Loaded TargetPlatform 'Android_PVRTCClient'
[2020.01.28-19.38.40:653][  0]LogTargetPlatformManager: Display: Loaded TargetPlatform 'Android_Multi'
[2020.01.28-19.38.40:653][  0]LogTargetPlatformManager: Display: Loaded TargetPlatform 'Android_MultiClient'
[2020.01.28-19.38.40:676][  0]LogTargetPlatformManager: Display: Loaded TargetPlatform 'IOSClient'
[2020.01.28-19.38.40:676][  0]LogTargetPlatformManager: Display: Loaded TargetPlatform 'IOS'
[2020.01.28-19.38.40:685][  0]LogTargetPlatformManager: Display: Loaded TargetPlatform 'LinuxNoEditor'
[2020.01.28-19.38.40:694][  0]LogTargetPlatformManager: Display: Loaded TargetPlatform 'LinuxClient'
[2020.01.28-19.38.40:702][  0]LogTargetPlatformManager: Display: Loaded TargetPlatform 'LinuxServer'
[2020.01.28-19.38.40:711][  0]LogTargetPlatformManager: Display: Loaded TargetPlatform 'LinuxAArch64NoEditor'
[2020.01.28-19.38.40:720][  0]LogTargetPlatformManager: Display: Loaded TargetPlatform 'LinuxAArch64Client'
[2020.01.28-19.38.40:743][  0]LogTargetPlatformManager: Display: Loaded TargetPlatform 'LinuxAArch64Server'
[2020.01.28-19.38.40:813][  0]LogTargetPlatformManager: Display: Loaded TargetPlatform 'Lumin'
[2020.01.28-19.38.40:813][  0]LogTargetPlatformManager: Display: Loaded TargetPlatform 'LuminClient'
[2020.01.28-19.38.40:862][  0]LogTargetPlatformManager: Display: Loaded TargetPlatform 'TVOSClient'
[2020.01.28-19.38.40:862][  0]LogTargetPlatformManager: Display: Loaded TargetPlatform 'TVOS'
[2020.01.28-19.38.40:902][  0]LogTargetPlatformManager: Display: Loaded TargetPlatform 'WindowsNoEditor'
[2020.01.28-19.38.40:923][  0]LogTargetPlatformManager: Display: Loaded TargetPlatform 'Windows'
[2020.01.28-19.38.40:948][  0]LogTargetPlatformManager: Display: Loaded TargetPlatform 'WindowsClient'
[2020.01.28-19.38.40:968][  0]LogTargetPlatformManager: Display: Loaded TargetPlatform 'WindowsServer'
[2020.01.28-19.38.40:968][  0]LogTargetPlatformManager: Display: Building Assets For Windows
[2020.01.28-19.38.41:173][  0]LogAudioDebug: Display: Lib vorbis DLL was dynamically loaded.
[2020.01.28-19.38.42:155][  0]LogShaderCompilers: Guid format shader working directory is 9 characters bigger than the processId version (../../../../Users/christopher.khuong/Desktop/my3d/Intermediate/Shaders/WorkingDirectory/14092/).
[2020.01.28-19.38.42:155][  0]LogShaderCompilers: Cleaned the shader compiler working directory 'C:/Users/christopher.khuong/AppData/Local/Temp/UnrealShaderWorkingDir/84D77B2941BE91040EB974868A0C188F/'.
[2020.01.28-19.38.42:174][  0]LogXGEController: Cleaning working directory: C:/Users/christopher.khuong/AppData/Local/Temp/UnrealXGEWorkingDir/
[2020.01.28-19.38.42:175][  0]LogShaderCompilers: Display: Using XGE Shader Compiler (Interception Interface).
[2020.01.28-19.38.48:529][  0]LogDerivedDataCache: Display: Max Cache Size: 512 MB
[2020.01.28-19.38.50:098][  0]LogDerivedDataCache: Loaded boot cache 1.57s 84MB C:/Users/christopher.khuong/AppData/Local/UnrealEngine/4.24/DerivedDataCache/Boot.ddc.
[2020.01.28-19.38.50:098][  0]LogDerivedDataCache: Display: Loaded Boot cache: C:/Users/christopher.khuong/AppData/Local/UnrealEngine/4.24/DerivedDataCache/Boot.ddc
[2020.01.28-19.38.50:098][  0]LogDerivedDataCache: FDerivedDataBackendGraph:  Pak pak cache file ../../../../Users/christopher.khuong/Desktop/my3d/DerivedDataCache/DDC.ddp not found, will not use a pak cache.
[2020.01.28-19.38.50:098][  0]LogDerivedDataCache: Unable to find inner node Pak for hierarchical cache Hierarchy.
[2020.01.28-19.38.50:098][  0]LogDerivedDataCache: FDerivedDataBackendGraph:  CompressedPak pak cache file ../../../../Users/christopher.khuong/Desktop/my3d/DerivedDataCache/Compressed.ddp not found, will not use a pak cache.
[2020.01.28-19.38.50:098][  0]LogDerivedDataCache: Unable to find inner node CompressedPak for hierarchical cache Hierarchy.
[2020.01.28-19.38.50:179][  0]LogDerivedDataCache: Display: Pak cache opened for reading ../../../Engine/DerivedDataCache/Compressed.ddp.
[2020.01.28-19.38.50:180][  0]LogDerivedDataCache: FDerivedDataBackendGraph:  EnterprisePak pak cache file ../../../Enterprise/DerivedDataCache/Compressed.ddp not found, will not use a pak cache.
[2020.01.28-19.38.50:180][  0]LogDerivedDataCache: Unable to find inner node EnterprisePak for hierarchical cache Hierarchy.
[2020.01.28-19.38.50:197][  0]LogDerivedDataCache: Using Local data cache path C:/Users/christopher.khuong/AppData/Local/UnrealEngine/Common/DerivedDataCache: Writable
[2020.01.28-19.38.50:197][  0]LogDerivedDataCache: Shared data cache path not found in *engine.ini, will not use an Shared cache.
[2020.01.28-19.38.50:197][  0]LogDerivedDataCache: Unable to find inner node Shared for hierarchical cache Hierarchy.
[2020.01.28-19.38.51:017][  0]LogMaterial: Verifying Global Shaders for PCD3D_SM5
[2020.01.28-19.38.51:192][  0]LogSlate: Using FreeType 2.10.0
[2020.01.28-19.38.51:437][  0]LogSlate: SlateFontServices - WITH_FREETYPE: 1, WITH_HARFBUZZ: 1
[2020.01.28-19.38.54:847][  0]LogAssetRegistry: FAssetRegistry took 0.0271 seconds to start up
[2020.01.28-19.39.18:587][  0]LogInit: Selected Device Profile: [Windows]
[2020.01.28-19.39.24:546][  0]LogMeshReduction: Using QuadricMeshReduction for automatic static mesh reduction
[2020.01.28-19.39.24:546][  0]LogMeshReduction: Using SimplygonMeshReduction for automatic skeletal mesh reduction
[2020.01.28-19.39.24:546][  0]LogMeshReduction: Using ProxyLODMeshReduction for automatic mesh merging
[2020.01.28-19.39.24:546][  0]LogMeshReduction: No distributed automatic mesh merging module available
[2020.01.28-19.39.24:546][  0]LogMeshMerging: No distributed automatic mesh merging module available
[2020.01.28-19.39.26:975][  0]LogNetVersion: my3d 1.0.0, NetCL: 10570792, EngineNetVer: 13, GameNetVer: 0 (Checksum: 2379263129)
[2020.01.28-19.40.19:136][  0]LogPackageLocalizationCache: Processed 10 localized package path(s) for 1 prioritized culture(s) in 0.459375 seconds
[2020.01.28-19.40.19:186][  0]LogUObjectArray: 46746 objects as part of root set at end of initial load.
[2020.01.28-19.40.19:186][  0]LogUObjectAllocator: 8135816 out of 0 bytes used by permanent object pool.
[2020.01.28-19.40.19:186][  0]LogUObjectArray: CloseDisregardForGC: 0/0 objects in disregard for GC pool
[2020.01.28-19.40.25:848][  0]LogTcpMessaging: Initializing TcpMessaging bridge
[2020.01.28-19.40.25:962][  0]LogUdpMessaging: Initializing bridge on interface 0.0.0.0:0 to multicast group 230.0.0.1:6666.
[2020.01.28-19.40.28:287][  0]SourceControl: Source control is disabled
[2020.01.28-19.40.28:310][  0]SourceControl: Source control is disabled
[2020.01.28-19.40.28:578][  0]SourceControl: Source control is disabled
[2020.01.28-19.40.28:761][  0]SourceControl: Source control is disabled
[2020.01.28-19.40.28:818][  0]SourceControl: Source control is disabled
[2020.01.28-19.40.30:965][  0]LogAndroidPermission: UAndroidPermissionCallbackProxy::GetInstance
[2020.01.28-19.40.31:105][  0]LogAudioCaptureCore: Display: No Audio Capture implementations found. Audio input will be silent.
[2020.01.28-19.40.31:105][  0]LogAudioCaptureCore: Display: No Audio Capture implementations found. Audio input will be silent.
[2020.01.28-19.40.31:694][  0]LogOcInput: OculusInput pre-init called
[2020.01.28-19.40.59:869][  0]LogAutomationTest: Warning: Smoke tests took > 2s to run: 2.42s
[2020.01.28-19.40.59:960][  0]LogEngine: Initializing Engine...
[2020.01.28-19.41.00:049][  0]LogHMD: Failed to initialize OpenVR with code 100
[2020.01.28-19.41.00:399][  0]LogStats: UGameplayTagsManager::InitializeManager -  0.149 s
[2020.01.28-19.41.02:358][  0]LogInit: Initializing FReadOnlyCVARCache
[2020.01.28-19.41.04:266][  0]LogAIModule: Creating AISystem for world Untitled
[2020.01.28-19.41.04:688][  0]LogAudioMixer: Display: Audio Mixer Platform Settings:
[2020.01.28-19.41.04:688][  0]LogAudioMixer: Display: 	Sample Rate:						  48000
[2020.01.28-19.41.04:688][  0]LogAudioMixer: Display: 	Callback Buffer Frame Size Requested: 1024
[2020.01.28-19.41.04:688][  0]LogAudioMixer: Display: 	Callback Buffer Frame Size To Use:	  1024
[2020.01.28-19.41.04:688][  0]LogAudioMixer: Display: 	Number of buffers to queue:			  2
[2020.01.28-19.41.04:688][  0]LogAudioMixer: Display: 	Max Channels (voices):				  32
[2020.01.28-19.41.04:688][  0]LogAudioMixer: Display: 	Number of Async Source Workers:		  0
[2020.01.28-19.41.04:689][  0]LogAudio: Display: AudioDevice MaxSources: 32
[2020.01.28-19.41.04:692][  0]LogAudio: Display: Using built-in audio occlusion.
[2020.01.28-19.41.04:692][  0]LogAudioMixer: Display: Initializing audio mixer.
[2020.01.28-19.41.04:725][  0]LogAudioMixer: Display: Audio Device Output Speaker Info:
[2020.01.28-19.41.04:725][  0]LogAudioMixer: Display: Name: 1 - TNT-FHD (AMD High Definition Audio Device)
[2020.01.28-19.41.04:725][  0]LogAudioMixer: Display: Is Default: Yes
[2020.01.28-19.41.04:725][  0]LogAudioMixer: Display: Sample Rate: 48000
[2020.01.28-19.41.04:725][  0]LogAudioMixer: Display: Channel Count Used: 2
[2020.01.28-19.41.04:725][  0]LogAudioMixer: Display: Device Channel Count: 2
[2020.01.28-19.41.04:725][  0]LogAudioMixer: Display: Channel Order:
[2020.01.28-19.41.04:725][  0]LogAudioMixer: Display: 0: FrontLeft
[2020.01.28-19.41.04:725][  0]LogAudioMixer: Display: 1: FrontRight
[2020.01.28-19.41.04:994][  0]LogAudioMixer: Display: Using Audio Device 1 - TNT-FHD (AMD High Definition Audio Device)
[2020.01.28-19.41.05:064][  0]LogInit: FAudioDevice initialized.
[2020.01.28-19.41.05:066][  0]LogNetVersion: Set ProjectVersion to 1.0.0.0. Version Checksum will be recalculated on next use.
[2020.01.28-19.41.05:400][  0]LogDerivedDataCache: Saved boot cache 0.33s 104MB C:/Users/christopher.khuong/AppData/Local/UnrealEngine/4.24/DerivedDataCache/Boot.ddc.
[2020.01.28-19.41.05:408][  0]LogInit: Texture streaming: Enabled
[2020.01.28-19.41.05:574][  0]LogEngineSessionManager: EngineSessionManager initialized
[2020.01.28-19.41.05:591][  0]LogEditorSessionSummary: Verbose: Initializing EditorSessionSummaryWriter for editor session tracking
[2020.01.28-19.41.05:594][  0]LogEditorSessionSummary: EditorSessionSummaryWriter initialized
[2020.01.28-19.41.06:392][  0]LogInit: Transaction tracking system initialized
[2020.01.28-19.41.07:032][  0]BlueprintLog: New page: Editor Load
[2020.01.28-19.41.09:184][  0]LocalizationService: Localization service is disabled
[2020.01.28-19.41.14:088][  0]LogFileCache: Scanning file cache for directory 'C:/Users/christopher.khuong/Desktop/my3d/Content/' took 0.22s
[2020.01.28-19.41.14:088][  0]LogCook: Display: Max memory allowance for cook 16384mb min free memory 0mb
[2020.01.28-19.41.14:088][  0]LogCook: Display: Mobile HDR setting 1
[2020.01.28-19.41.29:036][  0]SourceControl: Source control is disabled
[2020.01.28-19.41.29:124][  0]Cmd: MAP LOAD FILE="../../../../Users/christopher.khuong/Desktop/my3d/Content/StarterContent/Maps/Minimal_Default.umap" TEMPLATE=0 SHOWPROGRESS=1 FEATURELEVEL=3
[2020.01.28-19.41.29:183][  0]LightingResults: New page: Lighting Build
[2020.01.28-19.41.29:401][  0]LogWorld: UWorld::CleanupWorld for Untitled, bSessionEnded=true, bCleanupResources=true
[2020.01.28-19.41.29:455][  0]LogSlate: InvalidateAllWidgets triggered.  All widgets were invalidated
[2020.01.28-19.41.29:581][  0]MapCheck: New page: Map Check
[2020.01.28-19.41.29:581][  0]LightingResults: New page: Lighting Build
[2020.01.28-19.41.30:481][  0]LogUObjectHash: Compacting FUObjectHashTables data took   1.93ms
[2020.01.28-19.41.34:207][  0]LogStaticMesh: Building static mesh Floor_400x400...
[2020.01.28-19.41.34:365][  0]LogStaticMesh: Built static mesh [0.16s] /Game/StarterContent/Architecture/Floor_400x400.Floor_400x400
[2020.01.28-19.41.35:767][  0]LogAIModule: Creating AISystem for world Minimal_Default
[2020.01.28-19.41.35:948][  0]LogEditorServer: Finished looking for orphan Actors (0.000 secs)
[2020.01.28-19.41.37:246][  0]LogUObjectHash: Compacting FUObjectHashTables data took   2.39ms
[2020.01.28-19.41.37:246][  0]Cmd: MAP CHECKDEP NOCLEARLOG
[2020.01.28-19.41.37:246][  0]MapCheck: Map check complete: 0 Error(s), 0 Warning(s), took 0.146ms to complete.
[2020.01.28-19.41.37:247][  0]LogFileHelpers: Loading map 'Minimal_Default' took 8.165
[2020.01.28-19.41.38:875][  0]LogWindowsTextInputMethodSystem: Display: IME system now deactivated.
[2020.01.28-19.41.38:875][  0]LogWindowsTextInputMethodSystem: Display: IME system now deactivated.
[2020.01.28-19.41.40:808][  0]LogSlate: Updating window title bar state: overlay mode, drag disabled, window buttons hidden, title bar hidden
[2020.01.28-19.41.40:868][  0]LogSlate: Updating window title bar state: overlay mode, drag disabled, window buttons hidden, title bar hidden
[2020.01.28-19.41.40:875][  0]LogSlate: Updating window title bar state: overlay mode, drag disabled, window buttons hidden, title bar hidden
[2020.01.28-19.41.40:882][  0]LogSlate: Updating window title bar state: overlay mode, drag disabled, window buttons hidden, title bar hidden
[2020.01.28-19.41.41:455][  0]LogCollectionManager: Loaded 0 collections in 0.004018 seconds
[2020.01.28-19.41.42:214][  0]LogFileCache: Scanning file cache for directory 'C:/Users/christopher.khuong/Desktop/my3d/Saved/Collections/' took 0.00s
[2020.01.28-19.41.42:214][  0]LogFileCache: Scanning file cache for directory 'C:/Users/christopher.khuong/Desktop/my3d/Content/Developers/christopherkhuong/Collections/' took 0.00s
[2020.01.28-19.41.42:214][  0]LogFileCache: Scanning file cache for directory 'C:/Users/christopher.khuong/Desktop/my3d/Content/Collections/' took 0.00s
[2020.01.28-19.41.42:214][  0]LogContentBrowser: Native class hierarchy populated in 0.0093 seconds. Added 3024 classes and 722 folders.
[2020.01.28-19.41.42:676][  0]LogContentBrowser: Native class hierarchy updated for 'WidgetCarousel' in 0.0002 seconds. Added 0 classes and 0 folders.
[2020.01.28-19.41.51:862][  0]LogContentBrowser: Native class hierarchy updated for 'AddContentDialog' in 0.0003 seconds. Added 0 classes and 0 folders.
[2020.01.28-19.41.52:314][  0]LogContentBrowser: Native class hierarchy updated for 'SceneOutliner' in 0.0004 seconds. Added 2 classes and 3 folders.
[2020.01.28-19.41.55:110][  0]LogSlate: Took 0.056878 seconds to synchronously load lazily loaded font '../../../Engine/Content/Slate/Fonts/Roboto-Regular.ttf' (155K)
[2020.01.28-19.41.55:359][  0]LogSlate: Took 0.063677 seconds to synchronously load lazily loaded font '../../../Engine/Content/Slate/Fonts/Roboto-Bold.ttf' (160K)
[2020.01.28-19.41.55:509][  0]LogSlate: Took 0.027150 seconds to synchronously load lazily loaded font '../../../Engine/Content/Editor/Slate/Fonts/FontAwesome.ttf' (139K)
[2020.01.28-19.41.56:888][  0]LogRenderer: Reallocating scene render targets to support 1208x572 Format 10 NumSamples 1 (Frame:1).
[2020.01.28-19.41.59:885][  0]LogSlate: Window 'Tutorials' being destroyed
[2020.01.28-19.42.00:175][  0]LogContentBrowser: Native class hierarchy updated for 'HierarchicalLODOutliner' in 0.0003 seconds. Added 0 classes and 0 folders.
[2020.01.28-19.42.00:175][  0]LogLoad: (Engine Initialization) Total time: 321.07 seconds
[2020.01.28-19.42.00:175][  0]LogLoad: (Engine Initialization) Total Blueprint compile time: 0.00 seconds
[2020.01.28-19.42.02:106][  0]LogContentStreaming: Texture pool size now 1000 MB
[2020.01.28-19.42.02:809][  0]LogSlate: Took 0.041779 seconds to synchronously load lazily loaded font '../../../Engine/Content/Slate/Fonts/Roboto-Light.ttf' (167K)
[2020.01.28-19.42.05:777][  8]LogAssetRegistry: Asset discovery search completed in 190.9265 seconds
[2020.01.28-19.42.05:926][  8]LogCollectionManager: Fixed up redirectors for 0 collections in 0.036806 seconds (updated 0 objects)
[2020.01.28-20.16.34:892][107]LogAudioMixer: Display: Audio Buffer Underrun detected.
[2020.01.28-20.16.34:950][109]LogAudioMixer: Display: Audio Buffer Underrun detected.
[2020.01.28-21.14.47:553][956]LogAudioMixer: Warning: Changing default audio render device to new device: .
[2020.01.28-21.14.47:553][956]LogTemp: Resetting audio stream to device id 
